2026-02-02 16:57:37,221 [INFO] QRCodeGen: 應用程式啟動中...
2026-02-02 16:58:06,755 [INFO] src.gui: 處理中，請稍候...
2026-02-02 16:58:06,777 [INFO] src.qr_generator: 產生 QR Code: 'A...', 尺寸: 2.5cm, 容錯: Q
2026-02-02 16:58:06,815 [INFO] src.qr_generator: 產生 QR Code: 'B...', 尺寸: 2.5cm, 容錯: Q
2026-02-02 16:58:06,825 [INFO] src.qr_generator: 產生 QR Code: 'C...', 尺寸: 2.5cm, 容錯: Q
2026-02-02 16:58:06,835 [INFO] src.qr_generator: 產生 QR Code: 'D...', 尺寸: 2.5cm, 容錯: Q
2026-02-02 16:58:06,844 [INFO] src.word_generator: 開始建立 Word 文件: K:/Side Project/QRCodeGenerator/QR_Report_QRCodeGenerator.docx
2026-02-02 16:58:06,894 [INFO] src.word_generator: Word 文件儲存成功: K:/Side Project/QRCodeGenerator/QR_Report_QRCodeGenerator.docx
2026-02-02 16:58:06,922 [INFO] src.gui: 完成！文件已儲存至: K:/Side Project/QRCodeGenerator/QR_Report_QRCodeGenerator.docx
2026-02-02 16:58:57,201 [INFO] src.gui: 處理中，請稍候...
2026-02-02 16:58:57,289 [INFO] src.qr_generator: 產生 QR Code: 'BBPO-20111...', 尺寸: 4.8cm, 容錯: Q
2026-02-02 16:58:57,330 [INFO] src.qr_generator: 產生 QR Code: 'BBPO-20112...', 尺寸: 4.8cm, 容錯: Q
2026-02-02 16:58:57,366 [INFO] src.qr_generator: 產生 QR Code: 'BBPO-20113...', 尺寸: 4.8cm, 容錯: Q
2026-02-02 16:58:57,400 [INFO] src.qr_generator: 產生 QR Code: 'BBPO-20114...', 尺寸: 4.8cm, 容錯: Q
2026-02-02 16:58:57,435 [INFO] src.word_generator: 開始建立 Word 文件: K:/Side Project/QRCodeGenerator/QR_Report_QRCodeGenerator.docx
2026-02-02 16:58:57,536 [INFO] src.word_generator: Word 文件儲存成功: K:/Side Project/QRCodeGenerator/QR_Report_QRCodeGenerator.docx
2026-02-02 16:58:57,540 [INFO] src.gui: 完成！文件已儲存至: K:/Side Project/QRCodeGenerator/QR_Report_QRCodeGenerator.docx
2026-02-02 16:59:50,240 [INFO] QRCodeGen: 應用程式啟動中...
2026-02-02 17:06:18,585 [INFO] QRCodeGen: 應用程式啟動中...
2026-02-02 17:06:43,943 [INFO] src.gui: 處理中，請稍候...
2026-02-02 17:06:43,955 [INFO] src.qr_generator: 產生圖文整合 QR Code: 'BBPO-0001...', 尺寸: 4.8cm
2026-02-02 17:06:44,052 [INFO] src.qr_generator: 產生圖文整合 QR Code: 'BBPO-0002...', 尺寸: 4.8cm
2026-02-02 17:06:44,078 [INFO] src.qr_generator: 產生圖文整合 QR Code: 'BBPO-0003...', 尺寸: 4.8cm
2026-02-02 17:06:44,110 [INFO] src.qr_generator: 產生圖文整合 QR Code: 'BBPO-0004...', 尺寸: 4.8cm
2026-02-02 17:06:44,135 [INFO] src.word_generator: 開始建立 Word 文件: K:/Side Project/QRCodeGenerator/BBPO_QR_20260202170641.docx
2026-02-02 17:06:44,199 [INFO] src.word_generator: Word 文件儲存成功: K:/Side Project/QRCodeGenerator/BBPO_QR_20260202170641.docx
2026-02-02 17:06:44,231 [INFO] src.gui: 完成！文件已儲存至: K:/Side Project/QRCodeGenerator/BBPO_QR_20260202170641.docx
2026-02-02 17:09:45,157 [INFO] QRCodeGen: 應用程式啟動中...
2026-02-02 17:10:19,902 [INFO] src.gui: 處理中，請稍候...
2026-02-02 17:10:20,034 [INFO] src.qr_generator: 產生圖文整合 QR Code: 'BBPO-000001...', 尺寸: 4.8cm
2026-02-02 17:10:20,157 [INFO] src.qr_generator: 產生圖文整合 QR Code: 'BBPO-000002...', 尺寸: 4.8cm
2026-02-02 17:10:20,207 [INFO] src.qr_generator: 產生圖文整合 QR Code: 'BBPO-000003...', 尺寸: 4.8cm
2026-02-02 17:10:20,262 [INFO] src.qr_generator: 產生圖文整合 QR Code: 'BBPO-000004...', 尺寸: 4.8cm
2026-02-02 17:10:20,313 [INFO] src.qr_generator: 產生圖文整合 QR Code: 'BBPO-000005...', 尺寸: 4.8cm
2026-02-02 17:10:20,366 [INFO] src.word_generator: 開始建立 Word 文件: K:/Side Project/QRCodeGenerator/QR_20260202171015.docx
2026-02-02 17:10:20,501 [INFO] src.word_generator: Word 文件儲存成功: K:/Side Project/QRCodeGenerator/QR_20260202171015.docx
2026-02-02 17:10:20,601 [INFO] src.gui: 完成！文件已儲存至: K:/Side Project/QRCodeGenerator/QR_20260202171015.docx
2026-02-02 17:14:50,473 [INFO] QRCodeGen: 應用程式啟動中...
